==7961== Memcheck, a memory error detector
==7961== Copyright (C) 2002-2012, and GNU GPL'd, by Julian Seward et al.
==7961== Using Valgrind-3.8.1 and LibVEX; rerun with -h for copyright info
==7961== Command: ./schoolDB
==7961== Parent PID: 5311
==7961== 
==7961== 
==7961== HEAP SUMMARY:
==7961==     in use at exit: 57,600,000 bytes in 100,000 blocks
==7961==   total heap usage: 100,001 allocs, 1 frees, 57,600,568 bytes allocated
==7961== 
==7961== LEAK SUMMARY:
==7961==    definitely lost: 0 bytes in 0 blocks
==7961==    indirectly lost: 0 bytes in 0 blocks
==7961==      possibly lost: 0 bytes in 0 blocks
==7961==    still reachable: 57,600,000 bytes in 100,000 blocks
==7961==         suppressed: 0 bytes in 0 blocks
==7961== Reachable blocks (those to which a pointer was found) are not shown.
==7961== To see them, rerun with: --leak-check=full --show-reachable=yes
==7961== 
==7961== For counts of detected and suppressed errors, rerun with: -v
==7961== ERROR SUMMARY: 0 errors from 0 contexts (suppressed: 8 from 6)
